Compiling the C compiler identification source file "CMakeCCompilerId.c" failed.
Compiler: /Applications/Xcode.app/Contents/Developer/Toolchains/XcodeDefault.xctoolchain/usr/bin 
Build flags: 
Id flags:  

The output was:
Permission denied


Compiling the C compiler identification source file "CMakeCCompilerId.c" failed.
Compiler: /Applications/Xcode.app/Contents/Developer/Toolchains/XcodeDefault.xctoolchain/usr/bin 
Build flags: 
Id flags: -c 

The output was:
Permission denied


Compiling the C compiler identification source file "CMakeCCompilerId.c" failed.
Compiler: /Applications/Xcode.app/Contents/Developer/Toolchains/XcodeDefault.xctoolchain/usr/bin 
Build flags: 
Id flags: -Aa 

The output was:
Permission denied


Compiling the C compiler identification source file "CMakeCCompilerId.c" failed.
Compiler: /Applications/Xcode.app/Contents/Developer/Toolchains/XcodeDefault.xctoolchain/usr/bin 
Build flags: 
Id flags: -D__CLASSIC_C__ 

The output was:
Permission denied


Compiling the C compiler identification source file "CMakeCCompilerId.c" failed.
Compiler: /Applications/Xcode.app/Contents/Developer/Toolchains/XcodeDefault.xctoolchain/usr/bin 
Build flags: 
Id flags: --target=arm-arm-none-eabi;-mcpu=cortex-m3 

The output was:
Permission denied


Compiling the C compiler identification source file "CMakeCCompilerId.c" failed.
Compiler: /Applications/Xcode.app/Contents/Developer/Toolchains/XcodeDefault.xctoolchain/usr/bin 
Build flags: 
Id flags:  

The output was:
Permission denied


Compiling the C compiler identification source file "CMakeCCompilerId.c" failed.
Compiler: /Applications/Xcode.app/Contents/Developer/Toolchains/XcodeDefault.xctoolchain/usr/bin 
Build flags: 
Id flags: -c 

The output was:
Permission denied


Compiling the C compiler identification source file "CMakeCCompilerId.c" failed.
Compiler: /Applications/Xcode.app/Contents/Developer/Toolchains/XcodeDefault.xctoolchain/usr/bin 
Build flags: 
Id flags: -Aa 

The output was:
Permission denied


Compiling the C compiler identification source file "CMakeCCompilerId.c" failed.
Compiler: /Applications/Xcode.app/Contents/Developer/Toolchains/XcodeDefault.xctoolchain/usr/bin 
Build flags: 
Id flags: -D__CLASSIC_C__ 

The output was:
Permission denied


Compiling the C compiler identification source file "CMakeCCompilerId.c" failed.
Compiler: /Applications/Xcode.app/Contents/Developer/Toolchains/XcodeDefault.xctoolchain/usr/bin 
Build flags: 
Id flags: --target=arm-arm-none-eabi;-mcpu=cortex-m3 

The output was:
Permission denied


Checking whether the C compiler is IAR using "" did not match "IAR .+ Compiler":
Checking whether the C compiler is IAR using "" did not match "IAR .+ Compiler":
Determining if the C compiler works failed with the following output:
Change Dir: /Users/vectord/GitHubSL/JSON/chapter3/build/CMakeFiles/CMakeTmp

Run Build Command(s):/usr/bin/make cmTC_7bddd/fast && /Applications/Xcode.app/Contents/Developer/usr/bin/make -f CMakeFiles/cmTC_7bddd.dir/build.make CMakeFiles/cmTC_7bddd.dir/build
Building C object CMakeFiles/cmTC_7bddd.dir/testCCompiler.c.o
/Applications/Xcode.app/Contents/Developer/Toolchains/XcodeDefault.xctoolchain/usr/bin    -o CMakeFiles/cmTC_7bddd.dir/testCCompiler.c.o   -c /Users/vectord/GitHubSL/JSON/chapter3/build/CMakeFiles/CMakeTmp/testCCompiler.c
make[2]: /Applications/Xcode.app/Contents/Developer/Toolchains/XcodeDefault.xctoolchain/usr/bin: Permission denied
make[2]: *** [CMakeFiles/cmTC_7bddd.dir/testCCompiler.c.o] Error 1
make[1]: *** [cmTC_7bddd/fast] Error 2



